\BOOKMARK [0][-]{chapter*.6}{\376\377\000\332\000v\000o\000d}{}% 1
\BOOKMARK [0][-]{chapter.1}{\376\377\000P\000r\000e\000h\001\076\000a\000d\000\040\000p\000r\000o\000b\000l\000e\000m\000a\000t\000i\000k\000y}{}% 2
\BOOKMARK [1][-]{section.1.1}{\376\377\000D\000e\000f\000i\000n\000\355\000c\000i\000a\000\040\000r\000o\000z\001\141\000\355\000r\000e\000n\000e\000j\000\040\000r\000e\000a\000l\000i\000t\000y}{chapter.1}% 3
\BOOKMARK [1][-]{section.1.2}{\376\377\000\332\001\015\000e\000l}{chapter.1}% 4
\BOOKMARK [1][-]{section.1.3}{\376\377\000Z\000a\000r\000i\000a\000d\000e\000n\000i\000a}{chapter.1}% 5
\BOOKMARK [1][-]{section.1.4}{\376\377\000D\000e\000f\000i\000n\000\355\000c\000i\000a\000\040\000o\000k\000l\000\372\000z\000i\000e}{chapter.1}% 6
\BOOKMARK [0][-]{chapter.2}{\376\377\000A\000p\000l\000i\000k\000\341\000c\000i\000e}{}% 7
\BOOKMARK [1][-]{section.2.1}{\376\377\000M\000e\000d\000i\000c\000\355\000n\000s\000k\000e\000\040\000a\000p\000l\000i\000k\000\341\000c\000i\000e}{chapter.2}% 8
\BOOKMARK [1][-]{section.2.2}{\376\377\000P\000o\001\176\000i\000a\000r\000n\000i\000c\000i}{chapter.2}% 9
\BOOKMARK [1][-]{section.2.3}{\376\377\000P\000r\000e\000k\000l\000a\000d\000y}{chapter.2}% 10
\BOOKMARK [1][-]{section.2.4}{\376\377\000A\000r\000m\000\341\000d\000n\000e\000\040\000a\000p\000l\000i\000k\000\341\000c\000i\000e}{chapter.2}% 11
\BOOKMARK [1][-]{section.2.5}{\376\377\001\140\000p\000o\000r\000t}{chapter.2}% 12
\BOOKMARK [1][-]{section.2.6}{\376\377\000K\000o\000n\001\141\000t\000r\000u\000k\000c\000i\000a}{chapter.2}% 13
\BOOKMARK [0][-]{chapter.3}{\376\377\000M\000e\000t\000\363\000d\000y}{}% 14
\BOOKMARK [1][-]{section.3.1}{\376\377\000R\000o\000z\000p\000o\000z\000n\000\341\000v\000a\000n\000i\000e\000\040\000p\000o\000m\000o\000c\000o\000u\000\040\000m\000a\000r\000k\000e\000r\000o\000v}{chapter.3}% 15
\BOOKMARK [2][-]{subsection.3.1.1}{\376\377\000A\000l\000g\000o\000r\000i\000t\000m\000u\000s\000\040\000r\000o\000z\000p\000o\000z\000n\000\341\000v\000a\000n\000i\000a\000\040\000m\000a\000r\000k\000e\000r\000o\000v}{section.3.1}% 16
\BOOKMARK [1][-]{section.3.2}{\376\377\000R\000o\000z\000p\000o\000z\000n\000\341\000v\000a\000n\000i\000e\000\040\000n\000a\000\040\000z\000\341\000k\000l\000a\000d\000e\000\040\000v\000\375\000z\000n\000a\000m\000n\000\375\000c\000h\000\040\000b\000o\000d\000o\000v}{chapter.3}% 17
\BOOKMARK [2][-]{subsection.3.2.1}{\376\377\000R\000o\000z\000p\000o\000z\000n\000\341\000v\000a\000n\000i\000e\000\040\000a\000l\000g\000o\000r\000i\000t\000m\000o\000m\000\040\000S\000I\000F\000T}{section.3.2}% 18
\BOOKMARK [1][-]{section.3.3}{\376\377\000R\000o\000z\000p\000o\000z\000n\000\341\000v\000a\000n\000i\000e\000\040\000n\000a\000\040\000z\000\341\000k\000l\000a\000d\000e\000\040\000G\000P\000S}{chapter.3}% 19
\BOOKMARK [1][-]{section.3.4}{\376\377\000P\000r\000e\000h\001\076\000a\000d\000\040\000s\000o\000f\000t\000v\000\351\000r\000o\000v\000\375\000c\000h\000\040\000k\000n\000i\001\176\000n\000\355\000c\000\040}{chapter.3}% 20
\BOOKMARK [0][-]{chapter.4}{\376\377\000I\000m\000p\000l\000e\000m\000e\000n\000t\000\341\000c\000i\000a}{}% 21
\BOOKMARK [1][-]{section.4.1}{\376\377\000Z\000j\000e\000d\000n\000o\000d\000u\001\141\000e\000n\000\341\000\040\000d\000e\000m\000o\000n\001\141\000t\000r\000\341\000c\000i\000a}{chapter.4}% 22
\BOOKMARK [1][-]{section.4.2}{\376\377\0003\000D\000\040\000m\000o\000d\000e\000l\000y}{chapter.4}% 23
\BOOKMARK [2][-]{subsection.4.2.1}{\376\377\000F\000o\000r\000m\000\341\000t\000\040\000W\000a\000v\000e\000f\000r\000o\000n\000t\000\040\000O\000B\000J}{section.4.2}% 24
\BOOKMARK [1][-]{section.4.3}{\376\377\000R\000e\000g\000i\000s\000t\000r\000\341\000c\000i\000a\000\040\000s\000c\000\351\000n\000y}{chapter.4}% 25
\BOOKMARK [1][-]{section.4.4}{\376\377\000K\000a\000l\000i\000b\000r\000\341\000c\000i\000a\000\040\000k\000a\000m\000e\000r\000y}{chapter.4}% 26
\BOOKMARK [1][-]{section.4.5}{\376\377\000P\000r\000\355\000p\000r\000a\000v\000a\000\040\000o\000k\000l\000\372\000d\000e\000r\000u}{chapter.4}% 27
\BOOKMARK [2][-]{subsection.4.5.1}{\376\377\000M\000o\000d\000e\000l\000o\000v\000a\000n\000i\000e}{section.4.5}% 28
\BOOKMARK [2][-]{subsection.4.5.2}{\376\377\0003\000D\000\040\000s\000k\000e\000n\000e\000r\000\040\000S\000M\000I\000S\000S}{section.4.5}% 29
\BOOKMARK [2][-]{subsection.4.5.3}{\376\377\0003\000D\000\040\000t\000l\000a\001\015}{section.4.5}% 30
\BOOKMARK [1][-]{section.4.6}{\376\377\000O\000k\000l\000\372\000z\000i\000a\000\040\000v\000\040\000r\000o\000z\001\141\000\355\000r\000e\000n\000e\000j\000\040\000r\000e\000a\000l\000i\000t\000e}{chapter.4}% 31
\BOOKMARK [1][-]{section.4.7}{\376\377\000V\000\375\000s\000l\000e\000d\000k\000y}{chapter.4}% 32
\BOOKMARK [2][-]{subsection.4.7.1}{\376\377\000V\000\375\000k\000o\000n\000\040\000a\000p\000l\000i\000k\000\341\000c\000i\000e}{section.4.7}% 33
\BOOKMARK [2][-]{subsection.4.7.2}{\376\377\000M\000o\001\176\000n\000\351\000\040\000p\000r\000o\000b\000l\000\351\000m\000y\000\040\000a\000\040\000n\000e\000p\000r\000e\000s\000n\000o\000s\000t\000i}{section.4.7}% 34
\BOOKMARK [0][-]{chapter.5}{\376\377\000B\000u\000d\000\372\000c\000n\000o\000s\001\145\000\040\000r\000o\000z\001\141\000\355\000r\000e\000n\000e\000j\000\040\000r\000e\000a\000l\000i\000t\000y}{}% 35
\BOOKMARK [1][-]{section.5.1}{\376\377\000N\000o\000v\000\351\000\040\000z\000a\000r\000i\000a\000d\000e\000n\000i\000a}{chapter.5}% 36
\BOOKMARK [2][-]{subsection.5.1.1}{\376\377\000G\000o\000o\000g\000l\000e\000\040\000G\000l\000a\000s\000s}{section.5.1}% 37
\BOOKMARK [2][-]{subsection.5.1.2}{\376\377\000E\000y\000e\000b\000o\000r\000g}{section.5.1}% 38
\BOOKMARK [1][-]{section.5.2}{\376\377\000U\000c\000h\000y\000t\000e\000n\000i\000e\000\040\000v\000\040\000b\000e\001\176\000n\000o\000m\000\040\001\176\000i\000v\000o\000t\000e}{chapter.5}% 39
\BOOKMARK [0][-]{chapter*.29}{\376\377\000Z\000\341\000v\000e\000r}{}% 40
\BOOKMARK [0][-]{chapter*.30}{\376\377\000L\000i\000t\000e\000r\000a\000t\000\372\000r\000a}{}% 41
